<?xml version="1.0" encoding="UTF-8" ?>
<testsuite failures="0" time="0.001" errors="0" skipped="0" tests="1" name="com.lunarcodes.fetch.AppTest">
  <properties>
    <property name="java.vendor" value="Apple Inc."/>
    <property name="localRepository" value="/Users/arun/.m2/repository"/>
    <property name="sun.java.launcher" value="SUN_STANDARD"/>
    <property name="sun.management.compiler" value="HotSpot 64-Bit Server Compiler"/>
    <property name="os.name" value="Mac OS X"/>
    <property name="sun.boot.class.path" value="/System/Library/Frameworks/JavaVM.framework/Versions/1.6.0/Classes/jsfd.jar:/System/Library/Frameworks/JavaVM.framework/Versions/1.6.0/Classes/classes.jar:/System/Library/Frameworks/JavaVM.framework/Frameworks/JavaRuntimeSupport.framework/Resources/Java/JavaRuntimeSupport.jar:/System/Library/Frameworks/JavaVM.framework/Versions/1.6.0/Classes/ui.jar:/System/Library/Frameworks/JavaVM.framework/Versions/1.6.0/Classes/laf.jar:/System/Library/Frameworks/JavaVM.framework/Versions/1.6.0/Classes/sunrsasign.jar:/System/Library/Frameworks/JavaVM.framework/Versions/1.6.0/Classes/jsse.jar:/System/Library/Frameworks/JavaVM.framework/Versions/1.6.0/Classes/jce.jar:/System/Library/Frameworks/JavaVM.framework/Versions/1.6.0/Classes/charsets.jar"/>
    <property name="env.TMPDIR" value="/var/folders/Y8/Y8Vl5BLBF7WjkhG-kQ-lPU+++TI/-Tmp-/"/>
    <property name="env.PWD" value="/Users/arun/code/feg2me"/>
    <property name="java.vm.specification.vendor" value="Sun Microsystems Inc."/>
    <property name="env.JAVA_MAIN_CLASS_4240" value="org.codehaus.classworlds.Launcher"/>
    <property name="java.runtime.version" value="1.6.0_15-b03-219"/>
    <property name="env.Apple_PubSub_Socket_Render" value="/tmp/launch-V87JYR/Render"/>
    <property name="env.DISPLAY" value="/tmp/launch-eI1rCW/:0"/>
    <property name="user.name" value="arun"/>
    <property name="env.USER" value="arun"/>
    <property name="env.SHELL" value="/bin/bash"/>
    <property name="env.__CF_USER_TEXT_ENCODING" value="0x1F5:0:0"/>
    <property name="awt.nativeDoubleBuffering" value="true"/>
    <property name="env.PATH" value="/opt/local/bin:/opt/local/sbin:/usr/bin:/bin:/usr/sbin:/sbin:/usr/local/bin:/usr/X11/bin"/>
    <property name="user.language" value="en"/>
    <property name="sun.boot.library.path" value="/System/Library/Frameworks/JavaVM.framework/Versions/1.6.0/Libraries"/>
    <property name="classworlds.conf" value="/usr/share/maven/bin/m2.conf"/>
    <property name="env.LC_CTYPE" value="UTF-8"/>
    <property name="java.version" value="1.6.0_15"/>
    <property name="user.timezone" value="Asia/Singapore"/>
    <property name="sun.arch.data.model" value="64"/>
    <property name="http.nonProxyHosts" value="local|*.local|169.254/16|*.169.254/16"/>
    <property name="java.endorsed.dirs" value="/System/Library/Frameworks/JavaVM.framework/Versions/1.6.0/Home/lib/endorsed"/>
    <property name="sun.cpu.isalist" value=""/>
    <property name="sun.jnu.encoding" value="MacRoman"/>
    <property name="file.encoding.pkg" value="sun.io"/>
    <property name="env.SHLVL" value="1"/>
    <property name="file.separator" value="/"/>
    <property name="java.specification.name" value="Java Platform API Specification"/>
    <property name="java.class.version" value="50.0"/>
    <property name="user.country" value="US"/>
    <property name="java.home" value="/System/Library/Frameworks/JavaVM.framework/Versions/1.6.0/Home"/>
    <property name="java.vm.info" value="mixed mode"/>
    <property name="env.LOGNAME" value="arun"/>
    <property name="os.version" value="10.6.2"/>
    <property name="env.TERM_PROGRAM_VERSION" value="272"/>
    <property name="path.separator" value=":"/>
    <property name="java.vm.version" value="14.1-b02-90"/>
    <property name="java.awt.printerjob" value="apple.awt.CPrinterJob"/>
    <property name="env.TERM" value="xterm-color"/>
    <property name="sun.io.unicode.encoding" value="UnicodeLittle"/>
    <property name="awt.toolkit" value="apple.awt.CToolkit"/>
    <property name="socksNonProxyHosts" value="local|*.local|169.254/16|*.169.254/16"/>
    <property name="ftp.nonProxyHosts" value="local|*.local|169.254/16|*.169.254/16"/>
    <property name="env.VIMRUNTIME" value="/Applications/MacVim.app/Contents/Resources/vim/runtime"/>
    <property name="user.home" value="/Users/arun"/>
    <property name="env.OLDPWD" value="/Users/arun/code/feg2me"/>
    <property name="java.specification.vendor" value="Sun Microsystems Inc."/>
    <property name="env.TERM_PROGRAM" value="Apple_Terminal"/>
    <property name="java.library.path" value=".:/Library/Java/Extensions:/System/Library/Java/Extensions:/usr/lib/java"/>
    <property name="java.vendor.url" value="http://www.apple.com/"/>
    <property name="java.vm.vendor" value="Apple Inc."/>
    <property name="gopherProxySet" value="false"/>
    <property name="maven.home" value="/usr/share/maven"/>
    <property name="java.runtime.name" value="Java(TM) SE Runtime Environment"/>
    <property name="java.class.path" value="/usr/share/maven/boot/classworlds-1.1.jar"/>
    <property name="java.vm.specification.name" value="Java Virtual Machine Specification"/>
    <property name="java.vm.specification.version" value="1.0"/>
    <property name="sun.cpu.endian" value="little"/>
    <property name="sun.os.patch.level" value="unknown"/>
    <property name="env.HOME" value="/Users/arun"/>
    <property name="surefire.test.class.path" value="/Users/arun/code/feg2me/target/test-classes:/Users/arun/code/feg2me/target/classes:/Users/arun/.m2/repository/junit/junit/3.8.1/junit-3.8.1.jar:/Users/arun/.m2/repository/org/jdom/jdom/1.1/jdom-1.1.jar:/Users/arun/.m2/repository/log4j/log4j/1.2.13/log4j-1.2.13.jar:/Users/arun/.m2/repository/org/jdom/jaxen-core/1.0-FCS/jaxen-core-1.0-FCS.jar:/Users/arun/.m2/repository/saxpath/saxpath/1.0-FCS/saxpath-1.0-FCS.jar:/Users/arun/.m2/repository/org/jdom/jaxen-jdom/1.0-FCS/jaxen-jdom-1.0-FCS.jar:/Users/arun/.m2/repository/javax/activation/activation/1.1/activation-1.1.jar:/Users/arun/.m2/repository/javax/mail/mail/1.4/mail-1.4.jar:/Users/arun/.m2/repository/commons-lang/commons-lang/2.3/commons-lang-2.3.jar:/Users/arun/.m2/repository/org/apache/commons/commons-email/1.1/commons-email-1.1.jar:"/>
    <property name="java.io.tmpdir" value="/var/folders/Y8/Y8Vl5BLBF7WjkhG-kQ-lPU+++TI/-Tmp-/"/>
    <property name="java.vendor.url.bug" value="http://bugreport.apple.com/"/>
    <property name="env.SSH_AUTH_SOCK" value="/tmp/launch-wuTEJP/Listeners"/>
    <property name="env.COMMAND_MODE" value="unix2003"/>
    <property name="java.awt.graphicsenv" value="apple.awt.CGraphicsEnvironment"/>
    <property name="os.arch" value="x86_64"/>
    <property name="java.ext.dirs" value="/Library/Java/Extensions:/System/Library/Java/Extensions:/System/Library/Frameworks/JavaVM.framework/Versions/1.6.0/Home/lib/ext"/>
    <property name="user.dir" value="/Users/arun/code/feg2me"/>
    <property name="mrj.version" value="1060.1.6.0_15-219"/>
    <property name="line.separator" value="
"/>
    <property name="java.vm.name" value="Java HotSpot(TM) 64-Bit Server VM"/>
    <property name="basedir" value="/Users/arun/code/feg2me"/>
    <property name="file.encoding" value="MacRoman"/>
    <property name="java.specification.version" value="1.6"/>
  </properties>
  <testcase time="0" classname="com.lunarcodes.fetch.AppTest" name="testApp"/>
</testsuite>