<?xml version="1.0" encoding="UTF-8" ?>
<testsuite failures="0" time="0.695" errors="1" skipped="0" tests="1" name="com.lunarcodes.fetch.utils.test.GoogleUtilsTest">
  <properties>
    <property name="java.runtime.name" value="Java(TM) SE Runtime Environment"/>
    <property name="sun.boot.library.path" value="/System/Library/Frameworks/JavaVM.framework/Versions/1.6.0/Libraries"/>
    <property name="java.vm.version" value="14.3-b01-101"/>
    <property name="awt.nativeDoubleBuffering" value="true"/>
    <property name="gopherProxySet" value="false"/>
    <property name="mrj.build" value="10M3025"/>
    <property name="java.vm.vendor" value="Apple Inc."/>
    <property name="java.vendor.url" value="http://www.apple.com/"/>
    <property name="path.separator" value=":"/>
    <property name="java.vm.name" value="Java HotSpot(TM) 64-Bit Server VM"/>
    <property name="file.encoding.pkg" value="sun.io"/>
    <property name="user.country" value="US"/>
    <property name="sun.java.launcher" value="SUN_STANDARD"/>
    <property name="sun.os.patch.level" value="unknown"/>
    <property name="java.vm.specification.name" value="Java Virtual Machine Specification"/>
    <property name="user.dir" value="/Users/arun/code/fetch2me"/>
    <property name="java.runtime.version" value="1.6.0_17-b04-248-10M3025"/>
    <property name="java.awt.graphicsenv" value="apple.awt.CGraphicsEnvironment"/>
    <property name="basedir" value="/Users/arun/code/fetch2me"/>
    <property name="java.endorsed.dirs" value="/System/Library/Frameworks/JavaVM.framework/Versions/1.6.0/Home/lib/endorsed"/>
    <property name="os.arch" value="x86_64"/>
    <property name="surefire.real.class.path" value="/var/folders/Y8/Y8Vl5BLBF7WjkhG-kQ-lPU+++TI/-Tmp-/surefirebooter2890828031191670913.jar"/>
    <property name="java.io.tmpdir" value="/var/folders/Y8/Y8Vl5BLBF7WjkhG-kQ-lPU+++TI/-Tmp-/"/>
    <property name="line.separator" value="
"/>
    <property name="java.vm.specification.vendor" value="Sun Microsystems Inc."/>
    <property name="os.name" value="Mac OS X"/>
    <property name="sun.jnu.encoding" value="MacRoman"/>
    <property name="java.library.path" value=".:/Library/Java/Extensions:/System/Library/Java/Extensions:/usr/lib/java"/>
    <property name="surefire.test.class.path" value="/Users/arun/code/fetch2me/target/test-classes:/Users/arun/code/fetch2me/target/classes:/Users/arun/.m2/repository/junit/junit/3.8.1/junit-3.8.1.jar:/Users/arun/.m2/repository/org/jdom/jdom/1.1/jdom-1.1.jar:/Users/arun/.m2/repository/log4j/log4j/1.2.13/log4j-1.2.13.jar:/Users/arun/.m2/repository/org/jdom/jaxen-core/1.0-FCS/jaxen-core-1.0-FCS.jar:/Users/arun/.m2/repository/saxpath/saxpath/1.0-FCS/saxpath-1.0-FCS.jar:/Users/arun/.m2/repository/org/jdom/jaxen-jdom/1.0-FCS/jaxen-jdom-1.0-FCS.jar:/Users/arun/.m2/repository/javax/activation/activation/1.1/activation-1.1.jar:/Users/arun/.m2/repository/javax/mail/mail/1.4/mail-1.4.jar:/Users/arun/.m2/repository/commons-lang/commons-lang/2.3/commons-lang-2.3.jar:/Users/arun/.m2/repository/org/apache/commons/commons-email/1.1/commons-email-1.1.jar:/Users/arun/.m2/repository/com/google/code/gson/gson/1.4/gson-1.4.jar:/Users/arun/.m2/repository/org/apache/httpcomponents/httpclient/4.0/httpclient-4.0.jar:/Users/arun/.m2/repository/org/apache/httpcomponents/httpcore/4.0.1/httpcore-4.0.1.jar:/Users/arun/.m2/repository/commons-logging/commons-logging/1.1.1/commons-logging-1.1.1.jar:/Users/arun/.m2/repository/commons-codec/commons-codec/1.3/commons-codec-1.3.jar:"/>
    <property name="java.specification.name" value="Java Platform API Specification"/>
    <property name="java.class.version" value="50.0"/>
    <property name="sun.management.compiler" value="HotSpot 64-Bit Server Compiler"/>
    <property name="os.version" value="10.6.2"/>
    <property name="http.nonProxyHosts" value="local|*.local|169.254/16|*.169.254/16"/>
    <property name="user.home" value="/Users/arun"/>
    <property name="user.timezone" value="Asia/Singapore"/>
    <property name="java.awt.printerjob" value="apple.awt.CPrinterJob"/>
    <property name="java.specification.version" value="1.6"/>
    <property name="file.encoding" value="MacRoman"/>
    <property name="user.name" value="arun"/>
    <property name="java.class.path" value="/Users/arun/code/fetch2me/target/test-classes:/Users/arun/code/fetch2me/target/classes:/Users/arun/.m2/repository/junit/junit/3.8.1/junit-3.8.1.jar:/Users/arun/.m2/repository/org/jdom/jdom/1.1/jdom-1.1.jar:/Users/arun/.m2/repository/log4j/log4j/1.2.13/log4j-1.2.13.jar:/Users/arun/.m2/repository/org/jdom/jaxen-core/1.0-FCS/jaxen-core-1.0-FCS.jar:/Users/arun/.m2/repository/saxpath/saxpath/1.0-FCS/saxpath-1.0-FCS.jar:/Users/arun/.m2/repository/org/jdom/jaxen-jdom/1.0-FCS/jaxen-jdom-1.0-FCS.jar:/Users/arun/.m2/repository/javax/activation/activation/1.1/activation-1.1.jar:/Users/arun/.m2/repository/javax/mail/mail/1.4/mail-1.4.jar:/Users/arun/.m2/repository/commons-lang/commons-lang/2.3/commons-lang-2.3.jar:/Users/arun/.m2/repository/org/apache/commons/commons-email/1.1/commons-email-1.1.jar:/Users/arun/.m2/repository/com/google/code/gson/gson/1.4/gson-1.4.jar:/Users/arun/.m2/repository/org/apache/httpcomponents/httpclient/4.0/httpclient-4.0.jar:/Users/arun/.m2/repository/org/apache/httpcomponents/httpcore/4.0.1/httpcore-4.0.1.jar:/Users/arun/.m2/repository/commons-logging/commons-logging/1.1.1/commons-logging-1.1.1.jar:/Users/arun/.m2/repository/commons-codec/commons-codec/1.3/commons-codec-1.3.jar:"/>
    <property name="java.vm.specification.version" value="1.0"/>
    <property name="sun.arch.data.model" value="64"/>
    <property name="java.home" value="/System/Library/Frameworks/JavaVM.framework/Versions/1.6.0/Home"/>
    <property name="java.specification.vendor" value="Sun Microsystems Inc."/>
    <property name="user.language" value="en"/>
    <property name="awt.toolkit" value="apple.awt.CToolkit"/>
    <property name="java.vm.info" value="mixed mode"/>
    <property name="java.version" value="1.6.0_17"/>
    <property name="java.ext.dirs" value="/Library/Java/Extensions:/System/Library/Java/Extensions:/System/Library/Frameworks/JavaVM.framework/Versions/1.6.0/Home/lib/ext"/>
    <property name="sun.boot.class.path" value="/System/Library/Frameworks/JavaVM.framework/Versions/1.6.0/Classes/jsfd.jar:/System/Library/Frameworks/JavaVM.framework/Versions/1.6.0/Classes/classes.jar:/System/Library/Frameworks/JavaVM.framework/Frameworks/JavaRuntimeSupport.framework/Resources/Java/JavaRuntimeSupport.jar:/System/Library/Frameworks/JavaVM.framework/Versions/1.6.0/Classes/ui.jar:/System/Library/Frameworks/JavaVM.framework/Versions/1.6.0/Classes/laf.jar:/System/Library/Frameworks/JavaVM.framework/Versions/1.6.0/Classes/sunrsasign.jar:/System/Library/Frameworks/JavaVM.framework/Versions/1.6.0/Classes/jsse.jar:/System/Library/Frameworks/JavaVM.framework/Versions/1.6.0/Classes/jce.jar:/System/Library/Frameworks/JavaVM.framework/Versions/1.6.0/Classes/charsets.jar"/>
    <property name="java.vendor" value="Apple Inc."/>
    <property name="localRepository" value="/Users/arun/.m2/repository"/>
    <property name="file.separator" value="/"/>
    <property name="java.vendor.url.bug" value="http://bugreport.apple.com/"/>
    <property name="sun.cpu.endian" value="little"/>
    <property name="sun.io.unicode.encoding" value="UnicodeLittle"/>
    <property name="mrj.version" value="1060.1.6.0_17-248"/>
    <property name="socksNonProxyHosts" value="local|*.local|169.254/16|*.169.254/16"/>
    <property name="ftp.nonProxyHosts" value="local|*.local|169.254/16|*.169.254/16"/>
    <property name="sun.cpu.isalist" value=""/>
  </properties>
  <testcase time="0.692" classname="com.lunarcodes.fetch.utils.test.GoogleUtilsTest" name="testSearchWeb">
    <error message="Index: 0, Size: 0" type="java.lang.IndexOutOfBoundsException">java.lang.IndexOutOfBoundsException: Index: 0, Size: 0
	at java.util.ArrayList.RangeCheck(ArrayList.java:547)
	at java.util.ArrayList.get(ArrayList.java:322)
	at com.lunarcodes.fetch.utils.test.GoogleUtilsTest.testSearchWeb(GoogleUtilsTest.java:17)
</error>
    <system-out>http://ajax.googleapis.com/ajax/services/search/web?v=1.0&amp;q=Hello+World
Json String{&quot;responseData&quot;: {&quot;results&quot;:[{&quot;GsearchResultClass&quot;:&quot;GwebSearch&quot;,&quot;unescapedUrl&quot;:&quot;http://en.wikipedia.org/wiki/Hello_world_program&quot;,&quot;url&quot;:&quot;http://en.wikipedia.org/wiki/Hello_world_program&quot;,&quot;visibleUrl&quot;:&quot;en.wikipedia.org&quot;,&quot;cacheUrl&quot;:&quot;http://www.google.com/search?q\u003dcache:d_LgLFnyKcsJ:en.wikipedia.org&quot;,&quot;title&quot;:&quot;\u003cb\u003eHello world\u003c/b\u003e program - Wikipedia, the free encyclopedia&quot;,&quot;titleNoFormatting&quot;:&quot;Hello world program - Wikipedia, the free encyclopedia&quot;,&quot;content&quot;:&quot;A \u0026quot;\u003cb\u003eHello World\u003c/b\u003e\u0026quot; program is a computer program which prints out \u0026quot;\u003cb\u003eHello\u003c/b\u003e, \u003cb\u003eworld\u003c/b\u003e!\u0026quot;   on a display device. It is used in many introductory tutorials for teaching a   \u003cb\u003e...\u003c/b\u003e&quot;},{&quot;GsearchResultClass&quot;:&quot;GwebSearch&quot;,&quot;unescapedUrl&quot;:&quot;http://www.helloworld.com/&quot;,&quot;url&quot;:&quot;http://www.helloworld.com/&quot;,&quot;visibleUrl&quot;:&quot;www.helloworld.com&quot;,&quot;cacheUrl&quot;:&quot;http://www.google.com/search?q\u003dcache:QaCp7ECVKlQJ:www.helloworld.com&quot;,&quot;title&quot;:&quot;\u003cb\u003ehelloWorld\u003c/b\u003e: SAYit!&quot;,&quot;titleNoFormatting&quot;:&quot;helloWorld: SAYit!&quot;,&quot;content&quot;:&quot;Privacy Policy \u0026middot; System Requirements \u0026middot; Terms of Service \u0026middot; Customer Support \u0026middot;   Account Manager. Copyright Â© 2009 \u003cb\u003ehelloWorld\u003c/b\u003e All Rights Reserved.&quot;},{&quot;GsearchResultClass&quot;:&quot;GwebSearch&quot;,&quot;unescapedUrl&quot;:&quot;http://www.hello-world.com/&quot;,&quot;url&quot;:&quot;http://www.hello-world.com/&quot;,&quot;visibleUrl&quot;:&quot;www.hello-world.com&quot;,&quot;cacheUrl&quot;:&quot;http://www.google.com/search?q\u003dcache:wv5E7JGVQlYJ:www.hello-world.com&quot;,&quot;title&quot;:&quot;\u003cb\u003eHello World\u003c/b\u003e&quot;,&quot;titleNoFormatting&quot;:&quot;Hello World&quot;,&quot;content&quot;:&quot;Learn English, Spanish, French, German, Russian, Italian, Mandarin Chinese,   Indonesian and Computers Online!&quot;},{&quot;GsearchResultClass&quot;:&quot;GwebSearch&quot;,&quot;unescapedUrl&quot;:&quot;http://www.roesler-ac.de/wolfram/hello.htm&quot;,&quot;url&quot;:&quot;http://www.roesler-ac.de/wolfram/hello.htm&quot;,&quot;visibleUrl&quot;:&quot;www.roesler-ac.de&quot;,&quot;cacheUrl&quot;:&quot;http://www.google.com/search?q\u003dcache:JDBjRHYv0BEJ:www.roesler-ac.de&quot;,&quot;title&quot;:&quot;The \u003cb\u003eHello World\u003c/b\u003e Collection&quot;,&quot;titleNoFormatting&quot;:&quot;The Hello World Collection&quot;,&quot;content&quot;:&quot;The Collection without Frames.&quot;}],&quot;cursor&quot;:{&quot;pages&quot;:[{&quot;start&quot;:&quot;0&quot;,&quot;label&quot;:1},{&quot;start&quot;:&quot;4&quot;,&quot;label&quot;:2},{&quot;start&quot;:&quot;8&quot;,&quot;label&quot;:3},{&quot;start&quot;:&quot;12&quot;,&quot;label&quot;:4},{&quot;start&quot;:&quot;16&quot;,&quot;label&quot;:5},{&quot;start&quot;:&quot;20&quot;,&quot;label&quot;:6},{&quot;start&quot;:&quot;24&quot;,&quot;label&quot;:7},{&quot;start&quot;:&quot;28&quot;,&quot;label&quot;:8}],&quot;estimatedResultCount&quot;:&quot;58000000&quot;,&quot;currentPageIndex&quot;:0,&quot;moreResultsUrl&quot;:&quot;http://www.google.com/search?oe\u003dutf8\u0026ie\u003dutf8\u0026source\u003duds\u0026start\u003d0\u0026hl\u003den\u0026q\u003dHello+World&quot;}}, &quot;responseDetails&quot;: null, &quot;responseStatus&quot;: 200}
Google Json Vocom.lunarcodes.fetch.response.GoogleJsonVo@7a7c3885[responseData=com.lunarcodes.fetch.response.GoogleJsonVo$ResponseData@7162e295[googleResults=[]],responseStatus=200]
Google ResponseStatus200
[]
</system-out>
  </testcase>
</testsuite>